<?xml version="1.0" encoding="UTF-8"?>
<!-- Generated by org.testng.reporters.JUnitReportReporter -->
<testsuite hostname="DESKTOP-9TC4PB0" name="liveroom.Liveroom" tests="1" failures="0" timestamp="26 Jun 2017 10:43:47 GMT" time="21.280" errors="0">
  <testcase name="inOutRoom" time="21.280" classname="liveroom.Liveroom"/>
</testsuite> <!-- liveroom.Liveroom -->
